# JRE version: Java(TM) SE Runtime Environment (8.0_181-b13) (build 1.8.0_181-b13)
# Java VM: Java HotSpot(TM) 64-Bit Server VM (25.181-b13 mixed mode windows-amd64 compressed oops)
Heap:
 PSYoungGen      total 118784K, used 78475K [0x00000000d5f00000, 0x00000000ddc80000, 0x0000000100000000)
  eden space 110592K, 70% used [0x00000000d5f00000,0x00000000daba2e90,0x00000000dcb00000)
  from space 8192K, 0% used [0x00000000dcb00000,0x00000000dcb00000,0x00000000dd300000)
  to   space 8704K, 0% used [0x00000000dd300000,0x00000000dd300000,0x00000000ddb80000)
 ParOldGen       total 53760K, used 36927K [0x0000000081c00000, 0x0000000085080000, 0x00000000d5f00000)
  object space 53760K, 68% used [0x0000000081c00000,0x000000008400fc70,0x0000000085080000)
 Metaspace       used 54614K, capacity 57318K, committed 57512K, reserved 1099776K
  class space    used 7839K, capacity 8324K, committed 8360K, reserved 1048576K
GC Heap History (10 events):
Event: 13.517 GC heap before
{Heap before GC invocations=10 (full 1):
 PSYoungGen      total 119296K, used 35262K [0x00000000d5f00000, 0x00000000ddc80000, 0x0000000100000000)
  eden space 110592K, 24% used [0x00000000d5f00000,0x00000000d78f2560,0x00000000dcb00000)
  from space 8704K, 99% used [0x00000000dd300000,0x00000000ddb7d358,0x00000000ddb80000)
  to   space 8192K, 0% used [0x00000000dcb00000,0x00000000dcb00000,0x00000000dd300000)
 ParOldGen       total 53760K, used 24165K [0x0000000081c00000, 0x0000000085080000, 0x00000000d5f00000)
  object space 53760K, 44% used [0x0000000081c00000,0x0000000083399638,0x0000000085080000)
 Metaspace       used 33709K, capacity 35422K, committed 35496K, reserved 1079296K
  class space    used 4681K, capacity 5021K, committed 5032K, reserved 1048576K
Event: 13.541 GC heap after
Heap after GC invocations=10 (full 1):
 PSYoungGen      total 118784K, used 6634K [0x00000000d5f00000, 0x00000000ddc80000, 0x0000000100000000)
  eden space 110592K, 0% used [0x00000000d5f00000,0x00000000d5f00000,0x00000000dcb00000)
  from space 8192K, 80% used [0x00000000dcb00000,0x00000000dd17ab88,0x00000000dd300000)
  to   space 8704K, 0% used [0x00000000dd300000,0x00000000dd300000,0x00000000ddb80000)
 ParOldGen       total 53760K, used 27026K [0x0000000081c00000, 0x0000000085080000, 0x00000000d5f00000)
  object space 53760K, 50% used [0x0000000081c00000,0x0000000083664980,0x0000000085080000)
 Metaspace       used 33709K, capacity 35422K, committed 35496K, reserved 1079296K
  class space    used 4681K, capacity 5021K, committed 5032K, reserved 1048576K
}
Event: 13.541 GC heap before
{Heap before GC invocations=11 (full 2):
 PSYoungGen      total 118784K, used 6634K [0x00000000d5f00000, 0x00000000ddc80000, 0x0000000100000000)
  eden space 110592K, 0% used [0x00000000d5f00000,0x00000000d5f00000,0x00000000dcb00000)
  from space 8192K, 80% used [0x00000000dcb00000,0x00000000dd17ab88,0x00000000dd300000)
  to   space 8704K, 0% used [0x00000000dd300000,0x00000000dd300000,0x00000000ddb80000)
 ParOldGen       total 53760K, used 27026K [0x0000000081c00000, 0x0000000085080000, 0x00000000d5f00000)
  object space 53760K, 50% used [0x0000000081c00000,0x0000000083664980,0x0000000085080000)
 Metaspace       used 33709K, capacity 35422K, committed 35496K, reserved 1079296K
  class space    used 4681K, capacity 5021K, committed 5032K, reserved 1048576K
Event: 13.800 GC heap after
Heap after GC invocations=11 (full 2):
 PSYoungGen      total 118784K, used 0K [0x00000000d5f00000, 0x00000000ddc80000, 0x0000000100000000)
  eden space 110592K, 0% used [0x00000000d5f00000,0x00000000d5f00000,0x00000000dcb00000)
  from space 8192K, 0% used [0x00000000dcb00000,0x00000000dcb00000,0x00000000dd300000)
  to   space 8704K, 0% used [0x00000000dd300000,0x00000000dd300000,0x00000000ddb80000)
 ParOldGen       total 53760K, used 22340K [0x0000000081c00000, 0x0000000085080000, 0x00000000d5f00000)
  object space 53760K, 41% used [0x0000000081c00000,0x00000000831d1388,0x0000000085080000)
 Metaspace       used 33709K, capacity 35422K, committed 35496K, reserved 1079296K
  class space    used 4681K, capacity 5021K, committed 5032K, reserved 1048576K
}
Event: 17.052 GC heap before
{Heap before GC invocations=12 (full 2):
 PSYoungGen      total 118784K, used 110592K [0x00000000d5f00000, 0x00000000ddc80000, 0x0000000100000000)
  eden space 110592K, 100% used [0x00000000d5f00000,0x00000000dcb00000,0x00000000dcb00000)
  from space 8192K, 0% used [0x00000000dcb00000,0x00000000dcb00000,0x00000000dd300000)
  to   space 8704K, 0% used [0x00000000dd300000,0x00000000dd300000,0x00000000ddb80000)
 ParOldGen       total 53760K, used 22340K [0x0000000081c00000, 0x0000000085080000, 0x00000000d5f00000)
  object space 53760K, 41% used [0x0000000081c00000,0x00000000831d1388,0x0000000085080000)
 Metaspace       used 38524K, capacity 40550K, committed 40872K, reserved 1085440K
  class space    used 5305K, capacity 5681K, committed 5800K, reserved 1048576K
Event: 17.074 GC heap after
Heap after GC invocations=12 (full 2):
 PSYoungGen      total 119296K, used 7262K [0x00000000d5f00000, 0x00000000ddc80000, 0x0000000100000000)
  eden space 110592K, 0% used [0x00000000d5f00000,0x00000000d5f00000,0x00000000dcb00000)
  from space 8704K, 83% used [0x00000000dd300000,0x00000000dda17868,0x00000000ddb80000)
  to   space 8192K, 0% used [0x00000000dcb00000,0x00000000dcb00000,0x00000000dd300000)
 ParOldGen       total 53760K, used 22348K [0x0000000081c00000, 0x0000000085080000, 0x00000000d5f00000)
  object space 53760K, 41% used [0x0000000081c00000,0x00000000831d3388,0x0000000085080000)
 Metaspace       used 38524K, capacity 40550K, committed 40872K, reserved 1085440K
  class space    used 5305K, capacity 5681K, committed 5800K, reserved 1048576K
}
Event: 22.827 GC heap before
{Heap before GC invocations=13 (full 2):
 PSYoungGen      total 119296K, used 107658K [0x00000000d5f00000, 0x00000000ddc80000, 0x0000000100000000)
  eden space 110592K, 90% used [0x00000000d5f00000,0x00000000dc10afa8,0x00000000dcb00000)
  from space 8704K, 83% used [0x00000000dd300000,0x00000000dda17868,0x00000000ddb80000)
  to   space 8192K, 0% used [0x00000000dcb00000,0x00000000dcb00000,0x00000000dd300000)
 ParOldGen       total 53760K, used 22348K [0x0000000081c00000, 0x0000000085080000, 0x00000000d5f00000)
  object space 53760K, 41% used [0x0000000081c00000,0x00000000831d3388,0x0000000085080000)
 Metaspace       used 49501K, capacity 51648K, committed 51752K, reserved 1097728K
  class space    used 7022K, capacity 7424K, committed 7464K, reserved 1048576K
Event: 22.851 GC heap after
Heap after GC invocations=13 (full 2):
 PSYoungGen      total 118784K, used 8173K [0x00000000d5f00000, 0x00000000ddc80000, 0x0000000100000000)
  eden space 110592K, 0% used [0x00000000d5f00000,0x00000000d5f00000,0x00000000dcb00000)
  from space 8192K, 99% used [0x00000000dcb00000,0x00000000dd2fb7a0,0x00000000dd300000)
  to   space 8704K, 0% used [0x00000000dd300000,0x00000000dd300000,0x00000000ddb80000)
 ParOldGen       total 53760K, used 30469K [0x0000000081c00000, 0x0000000085080000, 0x00000000d5f00000)
  object space 53760K, 56% used [0x0000000081c00000,0x00000000839c1790,0x0000000085080000)
 Metaspace       used 49501K, capacity 51648K, committed 51752K, reserved 1097728K
  class space    used 7022K, capacity 7424K, committed 7464K, reserved 1048576K
}
Event: 22.851 GC heap before
{Heap before GC invocations=14 (full 3):
 PSYoungGen      total 118784K, used 8173K [0x00000000d5f00000, 0x00000000ddc80000, 0x0000000100000000)
  eden space 110592K, 0% used [0x00000000d5f00000,0x00000000d5f00000,0x00000000dcb00000)
  from space 8192K, 99% used [0x00000000dcb00000,0x00000000dd2fb7a0,0x00000000dd300000)
  to   space 8704K, 0% used [0x00000000dd300000,0x00000000dd300000,0x00000000ddb80000)
 ParOldGen       total 53760K, used 30469K [0x0000000081c00000, 0x0000000085080000, 0x00000000d5f00000)
  object space 53760K, 56% used [0x0000000081c00000,0x00000000839c1790,0x0000000085080000)
 Metaspace       used 49501K, capacity 51648K, committed 51752K, reserved 1097728K
  class space    used 7022K, capacity 7424K, committed 7464K, reserved 1048576K
Event: 23.436 GC heap after
Heap after GC invocations=14 (full 3):
 PSYoungGen      total 118784K, used 0K [0x00000000d5f00000, 0x00000000ddc80000, 0x0000000100000000)
  eden space 110592K, 0% used [0x00000000d5f00000,0x00000000d5f00000,0x00000000dcb00000)
  from space 8192K, 0% used [0x00000000dcb00000,0x00000000dcb00000,0x00000000dd300000)
  to   space 8704K, 0% used [0x00000000dd300000,0x00000000dd300000,0x00000000ddb80000)
 ParOldGen       total 53760K, used 36927K [0x0000000081c00000, 0x0000000085080000, 0x00000000d5f00000)
  object space 53760K, 68% used [0x0000000081c00000,0x000000008400fc70,0x0000000085080000)
 Metaspace       used 49501K, capacity 51648K, committed 51752K, reserved 1095680K
  class space    used 7022K, capacity 7424K, committed 7464K, reserved 1048576K
}

